<?xml version="1.0" encoding="UTF-8"?>
<testng-results ignored="0" total="3" passed="3" failed="0" skipped="0">
  <reporter-output>
  </reporter-output>
  <suite started-at="2023-08-17T17:59:08 IST" name="Default suite" finished-at="2023-08-17T17:59:12 IST" duration-ms="4032">
    <groups>
    </groups>
    <test started-at="2023-08-17T17:59:08 IST" name="Default test" finished-at="2023-08-17T17:59:12 IST" duration-ms="4032">
      <class name="LearnExtentReports.OpenBrowser">
        <test-method is-config="true" signature="beforeStart()[pri:0, instance:LearnExtentReports.OpenBrowser@33bc72d1]" started-at="2023-08-17T17:59:05 IST" name="beforeStart" finished-at="2023-08-17T17:59:08 IST" duration-ms="3048" status="PASS">
          <reporter-output>
          </reporter-output>
        </test-method> <!-- beforeStart -->
        <test-method signature="openBing()[pri:0, instance:LearnExtentReports.OpenBrowser@33bc72d1]" started-at="2023-08-17T17:59:08 IST" name="openBing" finished-at="2023-08-17T17:59:10 IST" duration-ms="1913" status="PASS">
          <reporter-output>
          </reporter-output>
        </test-method> <!-- openBing -->
        <test-method signature="openGoogle()[pri:0, instance:LearnExtentReports.OpenBrowser@33bc72d1]" started-at="2023-08-17T17:59:10 IST" name="openGoogle" finished-at="2023-08-17T17:59:12 IST" duration-ms="1407" status="PASS">
          <reporter-output>
          </reporter-output>
        </test-method> <!-- openGoogle -->
        <test-method signature="openWikepedia()[pri:0, instance:LearnExtentReports.OpenBrowser@33bc72d1]" started-at="2023-08-17T17:59:12 IST" name="openWikepedia" finished-at="2023-08-17T17:59:12 IST" duration-ms="633" status="PASS">
          <reporter-output>
          </reporter-output>
        </test-method> <!-- openWikepedia -->
        <test-method is-config="true" signature="afterEnd()[pri:0, instance:LearnExtentReports.OpenBrowser@33bc72d1]" started-at="2023-08-17T17:59:12 IST" name="afterEnd" finished-at="2023-08-17T17:59:13 IST" duration-ms="660" status="PASS">
          <reporter-output>
          </reporter-output>
        </test-method> <!-- afterEnd -->
      </class> <!-- LearnExtentReports.OpenBrowser -->
    </test> <!-- Default test -->
  </suite> <!-- Default suite -->
</testng-results>
