<?xml version="1.0" encoding="UTF-8"?>
<!-- Generated by org.testng.reporters.JUnitXMLReporter -->
<testsuite ignored="0" hostname="LAPTOP-V9DUL7Q0" failures="0" tests="3" name="Default test" time="4.032" errors="0" timestamp="2023-08-17T17:59:12 IST">
  <testcase classname="LearnExtentReports.OpenBrowser" name="openBing" time="1.913"/>
  <testcase classname="LearnExtentReports.OpenBrowser" name="openGoogle" time="1.407"/>
  <testcase classname="LearnExtentReports.OpenBrowser" name="openWikepedia" time="0.633"/>
</testsuite> <!-- Default test -->
