<?xml version="1.0" encoding="UTF-8"?>
<!-- Generated by org.testng.reporters.JUnitXMLReporter -->
<testsuite ignored="0" hostname="LAPTOP-V9DUL7Q0" failures="0" tests="3" name="Test Cases" time="0.06" errors="0" timestamp="2023-08-17T17:02:41 IST">
  <testcase classname="LearnExtentReports.OpenBrowser" name="@BeforeSuite beforeStart" time="0.066">
    <failure type="java.lang.NoClassDefFoundError" message="io/reactivex/rxjava3/subjects/PublishSubject">
      <![CDATA[java.lang.NoClassDefFoundError: io/reactivex/rxjava3/subjects/PublishSubject
at com.aventstack.extentreports.ReactiveSubject.<init>(ReactiveSubject.java:28)
at com.aventstack.extentreports.AbstractProcessor.<init>(AbstractProcessor.java:19)
at com.aventstack.extentreports.ExtentReports.<init>(ExtentReports.java:55)
at LearnExtentReports.OpenBrowser.beforeStart(OpenBrowser.java:23)
Caused by: java.lang.ClassNotFoundException: io.reactivex.rxjava3.subjects.PublishSubject
at java.base/jdk.internal.loader.BuiltinClassLoader.loadClass(BuiltinClassLoader.java:641)
at java.base/jdk.internal.loader.ClassLoaders$AppClassLoader.loadClass(ClassLoaders.java:188)
at java.base/java.lang.ClassLoader.loadClass(ClassLoader.java:525)
... 23 more
... Removed 19 stack frames]]>
    </failure>
  </testcase> <!-- @BeforeSuite beforeStart -->
  <testcase classname="LearnExtentReports.OpenBrowser" name="openBing" time="0.0">
    <skipped/>
  </testcase> <!-- openBing -->
  <testcase classname="LearnExtentReports.OpenBrowser" name="openGoogle" time="0.0">
    <skipped/>
  </testcase> <!-- openGoogle -->
  <testcase classname="LearnExtentReports.OpenBrowser" name="openWikepedia" time="0.0">
    <skipped/>
  </testcase> <!-- openWikepedia -->
</testsuite> <!-- Test Cases -->
